11:24:41.502 [main                     ] DEBUG Logger               - Configured Logger
11:24:41.552 [main                     ] DEBUG GameApplication      - Logging settings
Title: Basalt
Version: 0.0
Width: 800
Height: 600
Fullscreen: false
Intro: false
Profiling: false
Single step:false
App Mode: DEVELOPER
Menu Key: ESCAPE
Stage Style: DECORATED
Scene Factory: class com.almasb.fxgl.app.scene.SceneFactory

11:24:41.992 [JavaFX Application Thread] DEBUG FXGLApplication      - Initializing FXGL
11:24:42.003 [JavaFX Application Thread] INFO  Engine               - FXGL-17.2 (20.08.2022 16.50) on LINUX (J:17.0.6 FX:18)
11:24:42.003 [JavaFX Application Thread] DEBUG Engine               - JRE Vendor Name: Red Hat, Inc.
11:24:42.004 [JavaFX Application Thread] DEBUG Engine               - Running on OS: Linux version 6.2.12-200.fc37.x86_64
11:24:42.004 [JavaFX Application Thread] DEBUG Engine               - Architecture: amd64
11:24:42.004 [JavaFX Application Thread] INFO  Engine               - Source code and latest versions at: https://github.com/AlmasB/FXGL
11:24:42.005 [JavaFX Application Thread] INFO  Engine               -       Ask questions and discuss at: https://github.com/AlmasB/FXGL/discussions
11:24:42.005 [JavaFX Application Thread] INFO  Engine               -              Join the FXGL chat at: https://gitter.im/AlmasB/FXGL
11:24:42.152 [JavaFX Application Thread] DEBUG PrimaryStageWindow   - Creating a JavaFX scene
11:24:42.253 [JavaFX Application Thread] DEBUG PrimaryStageWindow   - Target settings size: 800.0 x 600.0
11:24:42.253 [JavaFX Application Thread] DEBUG PrimaryStageWindow   - Scaled scene size:    800.0 x 600.0
11:24:42.254 [JavaFX Application Thread] DEBUG PrimaryStageWindow   - Scaled ratio: (1.0, 1.0)
11:24:42.255 [JavaFX Application Thread] DEBUG PrimaryStageWindow   - Set initial scene to FXGLStartupScene
11:24:42.264 [JavaFX Application Thread] DEBUG PrimaryStageWindow   - Opening main window
11:24:42.367 [JavaFX Application Thread] DEBUG PrimaryStageWindow   - Window border size: (4.0, 22.0)
11:24:42.368 [JavaFX Application Thread] DEBUG PrimaryStageWindow   - Scaled size: 800.0 x 600.0
11:24:42.368 [JavaFX Application Thread] DEBUG PrimaryStageWindow   - Scaled ratio: (1.0, 1.0)
11:24:42.369 [JavaFX Application Thread] DEBUG PrimaryStageWindow   - Scene size: 800.0 x 600.0
11:24:42.369 [JavaFX Application Thread] DEBUG PrimaryStageWindow   - Stage size: 804.0 x 622.0
11:24:42.378 [FXGL Background Thread 1 ] DEBUG Engine               - Initializing environment variables
11:24:42.431 [FXGL Background Thread 1 ] DEBUG FXGLAssetLoaderServi - User app class for loading assets: class com.WorkshopJava.app.App
11:24:42.431 [FXGL Background Thread 1 ] DEBUG GameApplicationServi - Applying CSS: fxgl_dark.css
11:24:42.433 [FXGL Background Thread 1 ] DEBUG FXGLAssetLoaderServi - Loading from file system: jar:file:/home/furr/.m2/repository/com/github/almasb/fxgl/17.2/fxgl-17.2.jar!/fxglassets/ui/css/fxgl_dark.css
11:24:42.505 [FXGL Background Thread 1 ] DEBUG GameApplicationServi - Initializing application scenes
11:24:42.550 [FXGL Background Thread 1 ] DEBUG GameWorld            - Game world initialized
11:24:42.619 [FXGL Background Thread 1 ] DEBUG PhysicsWorld         - Physics world initialized: appHeight=600, physics.ppm=50.0
11:24:42.620 [FXGL Background Thread 1 ] DEBUG PhysicsWorld         - Using strategy: BRUTE_FORCE
11:24:42.626 [FXGL Background Thread 1 ] DEBUG GameScene            - Game scene initialized: 800x600
11:24:42.640 [FXGL Background Thread 1 ] DEBUG FXGL.DefaultMenu     - createMenuBodyGameMenu()
11:24:42.659 [FXGL Background Thread 1 ] DEBUG FXGL.DefaultMenu     - createOptionsMenu()
11:24:42.674 [FXGL Background Thread 1 ] DEBUG FXGLAssetLoaderServi - Loading from file system: jar:file:/home/furr/.m2/repository/com/github/almasb/fxgl/17.2/fxgl-17.2.jar!/fxglassets/textures/particles/smoke.png
11:24:42.796 [FXGL Background Thread 1 ] DEBUG FXGLAssetLoaderServi - Loading from file system: jar:file:/home/furr/.m2/repository/com/github/almasb/fxgl/17.2/fxgl-17.2.jar!/fxglassets/textures/particles/trace_horizontal.png
11:24:42.852 [FXGL Background Thread 1 ] DEBUG GameApplicationServi - Application scenes initialized
11:24:42.870 [FXGL Background Thread 1 ] DEBUG SystemBundleService  - Loading FXGL system data
11:24:42.875 [FXGL Background Thread 1 ] DEBUG FileSystemAccess     - Reading from: /home/furr/Workshop/WorkshopJava/system/fxgl.bundle
11:24:42.886 [FXGL Background Thread 1 ] DEBUG SystemBundleService  - Bundle FXGL: {}
11:24:42.887 [FXGL Background Thread 1 ] DEBUG UpdaterService       - Checking for updates
11:24:42.892 [FXGL Background Thread 4 ] DEBUG FXGLApplication      - Loading fonts
11:24:42.893 [FXGL Background Thread 4 ] DEBUG FXGLAssetLoaderServi - Loading from file system: jar:file:/home/furr/.m2/repository/com/github/almasb/fxgl/17.2/fxgl-17.2.jar!/fxglassets/ui/fonts/VarelaRound-Regular.ttf
11:24:42.893 [FXGL Background Thread 1 ] DEBUG FXGLApplication      - Loading default localization
11:24:42.894 [FXGL Background Thread 1 ] DEBUG FXGLAssetLoaderServi - Loading from file system: jar:file:/home/furr/.m2/repository/com/github/almasb/fxgl/17.2/fxgl-17.2.jar!/fxglassets/languages/english.lang
11:24:42.903 [FXGL Background Thread 4 ] DEBUG FXGLAssetLoaderServi - Loading from file system: jar:file:/home/furr/.m2/repository/com/github/almasb/fxgl/17.2/fxgl-17.2.jar!/fxglassets/ui/fonts/Abel-Regular.ttf
11:24:42.905 [FXGL Background Thread 4 ] DEBUG FXGLAssetLoaderServi - Loading from file system: jar:file:/home/furr/.m2/repository/com/github/almasb/fxgl/17.2/fxgl-17.2.jar!/fxglassets/ui/fonts/TerminalLandMono-Regular.otf
11:24:42.907 [FXGL Background Thread 4 ] DEBUG FXGLAssetLoaderServi - Loading from file system: jar:file:/home/furr/.m2/repository/com/github/almasb/fxgl/17.2/fxgl-17.2.jar!/fxglassets/ui/fonts/Courier-Prime.ttf
11:24:42.911 [JavaFX Application Thread] DEBUG FXGLApplication      - Registering font factories with UI factory
11:24:42.914 [FXGL Background Thread 1 ] INFO  FXGLApplication      - FXGL initialization took: 0.535 sec
11:24:42.926 [JavaFX Application Thread] DEBUG Input                - Registered new binding: action0 - K
11:24:42.926 [JavaFX Application Thread] DEBUG Input                - Registered new binding: Up - Z
11:24:42.927 [JavaFX Application Thread] DEBUG Input                - Registered new binding: Down - S
11:24:42.927 [JavaFX Application Thread] DEBUG Input                - Registered new binding: Left - Q
11:24:42.927 [JavaFX Application Thread] DEBUG Input                - Registered new binding: Right - D
11:24:42.928 [JavaFX Application Thread] DEBUG FXGLAssetLoaderServi - Loading from file system: jar:file:/home/furr/.m2/repository/com/github/almasb/fxgl/17.2/fxgl-17.2.jar!/fxglassets/textures/fxgl_icon.png
11:24:42.964 [JavaFX Application Thread] DEBUG FXGLAssetLoaderServi - Loading from file system: jar:file:/home/furr/.m2/repository/com/github/almasb/fxgl/17.2/fxgl-17.2.jar!/fxglassets/textures/fxgl_default_cursor.png
11:24:42.967 [JavaFX Application Thread] DEBUG Input                - Registered new binding: Screenshot - CTRL+8
11:24:42.968 [JavaFX Application Thread] DEBUG Input                - Registered new binding: System info dump - CTRL+9
11:24:42.968 [JavaFX Application Thread] DEBUG Input                - Registered new binding: Restart - CTRL+R
11:24:42.969 [JavaFX Application Thread] DEBUG Input                - Registered new binding: Toggle Debug Camera - CTRL+7
11:24:42.972 [JavaFX Application Thread] DEBUG LoopRunner           - Starting loop
11:24:42.972 [JavaFX Application Thread] DEBUG LoopRunner           - Initializing JavaFX AnimationTimerLoop
11:24:42.974 [JavaFX Application Thread] DEBUG GameApplicationServi - Starting new game
11:24:42.975 [JavaFX Application Thread] DEBUG Input                - Clearing active input actions
11:24:42.992 [JavaFX Application Thread] DEBUG GameApplicationServi - Removing overlay from FXGLStartupScene and adding to FXGLLoadingScene
11:24:42.993 [JavaFX Application Thread] DEBUG PrimaryStageWindow   - FXGLStartupScene -> FXGLLoadingScene
11:24:42.993 [JavaFX Application Thread] DEBUG GameApplicationServi - Clearing previous game
11:24:42.993 [JavaFX Application Thread] DEBUG GameScene            - Clearing game scene
11:24:42.993 [JavaFX Application Thread] DEBUG GameWorld            - Clearing game world
11:24:42.994 [JavaFX Application Thread] DEBUG PhysicsWorld         - Clearing physics world
11:24:42.996 [FXGL Background Thread 1 ] DEBUG FXGLApplication      - Initializing game
11:24:42.999 [FXGL Background Thread 1 ] DEBUG FXGLAssetLoaderServi - Loading from file system: file:/home/furr/Workshop/WorkshopJava/target/classes/assets/textures/reimu.jpg
11:24:43.035 [FXGL Background Thread 1 ] INFO  FXGLApplication      - Game initialization took: 0.039 sec
11:24:43.174 [JavaFX Application Thread] DEBUG Input                - Clearing active input actions
11:24:43.191 [JavaFX Application Thread] DEBUG GameApplicationServi - Removing overlay from FXGLLoadingScene and adding to GameScene
11:24:43.192 [JavaFX Application Thread] DEBUG PrimaryStageWindow   - FXGLLoadingScene -> GameScene
11:24:43.617 [FXGL Background Thread 2 ] INFO  UpdaterService       - Your current version:  17.2
11:24:43.618 [FXGL Background Thread 2 ] INFO  UpdaterService       - Latest stable version: 17.3
11:24:44.550 [JavaFX Application Thread] DEBUG FXGLApplication      - Exiting FXGL
11:24:44.550 [JavaFX Application Thread] DEBUG LoopRunner           - Stopping loop
11:24:44.550 [JavaFX Application Thread] DEBUG SystemBundleService  - Saving FXGL system data
11:24:44.554 [JavaFX Application Thread] DEBUG FileSystemAccess     - Writing to: /home/furr/Workshop/WorkshopJava/system/fxgl.bundle
11:24:44.560 [JavaFX Application Thread] DEBUG Async                - Shutting down background threads
11:24:44.561 [JavaFX Application Thread] DEBUG PrimaryStageWindow   - Closing main window
11:24:44.568 [JavaFX Application Thread] DEBUG Logger               - Closing Logger
