11:45:46.086 [main                     ] DEBUG Logger               - Configured Logger
11:45:46.144 [main                     ] DEBUG GameApplication      - Logging settings
Title: Basalt
Version: 0.0
Width: 800
Height: 600
Fullscreen: false
Intro: false
Profiling: false
Single step:false
App Mode: DEVELOPER
Menu Key: ESCAPE
Stage Style: DECORATED
Scene Factory: class com.almasb.fxgl.app.scene.SceneFactory

11:45:46.604 [JavaFX Application Thread] DEBUG FXGLApplication      - Initializing FXGL
11:45:46.614 [JavaFX Application Thread] INFO  Engine               - FXGL-17.2 (20.08.2022 16.50) on LINUX (J:17.0.6 FX:18)
11:45:46.615 [JavaFX Application Thread] DEBUG Engine               - JRE Vendor Name: Red Hat, Inc.
11:45:46.616 [JavaFX Application Thread] DEBUG Engine               - Running on OS: Linux version 6.2.12-200.fc37.x86_64
11:45:46.616 [JavaFX Application Thread] DEBUG Engine               - Architecture: amd64
11:45:46.616 [JavaFX Application Thread] INFO  Engine               - Source code and latest versions at: https://github.com/AlmasB/FXGL
11:45:46.617 [JavaFX Application Thread] INFO  Engine               -       Ask questions and discuss at: https://github.com/AlmasB/FXGL/discussions
11:45:46.617 [JavaFX Application Thread] INFO  Engine               -              Join the FXGL chat at: https://gitter.im/AlmasB/FXGL
11:45:46.765 [JavaFX Application Thread] DEBUG PrimaryStageWindow   - Creating a JavaFX scene
11:45:46.871 [JavaFX Application Thread] DEBUG PrimaryStageWindow   - Target settings size: 800.0 x 600.0
11:45:46.871 [JavaFX Application Thread] DEBUG PrimaryStageWindow   - Scaled scene size:    800.0 x 600.0
11:45:46.872 [JavaFX Application Thread] DEBUG PrimaryStageWindow   - Scaled ratio: (1.0, 1.0)
11:45:46.873 [JavaFX Application Thread] DEBUG PrimaryStageWindow   - Set initial scene to FXGLStartupScene
11:45:46.884 [JavaFX Application Thread] DEBUG PrimaryStageWindow   - Opening main window
11:45:46.984 [JavaFX Application Thread] DEBUG PrimaryStageWindow   - Window border size: (4.0, 22.0)
11:45:46.985 [JavaFX Application Thread] DEBUG PrimaryStageWindow   - Scaled size: 800.0 x 600.0
11:45:46.985 [JavaFX Application Thread] DEBUG PrimaryStageWindow   - Scaled ratio: (1.0, 1.0)
11:45:46.986 [JavaFX Application Thread] DEBUG PrimaryStageWindow   - Scene size: 800.0 x 600.0
11:45:46.986 [JavaFX Application Thread] DEBUG PrimaryStageWindow   - Stage size: 804.0 x 622.0
11:45:46.995 [FXGL Background Thread 1 ] DEBUG Engine               - Initializing environment variables
11:45:47.050 [FXGL Background Thread 1 ] DEBUG FXGLAssetLoaderServi - User app class for loading assets: class com.WorkshopJava.app.App
11:45:47.051 [FXGL Background Thread 1 ] DEBUG GameApplicationServi - Applying CSS: fxgl_dark.css
11:45:47.052 [FXGL Background Thread 1 ] DEBUG FXGLAssetLoaderServi - Loading from file system: jar:file:/home/furr/.m2/repository/com/github/almasb/fxgl/17.2/fxgl-17.2.jar!/fxglassets/ui/css/fxgl_dark.css
11:45:47.121 [FXGL Background Thread 1 ] DEBUG GameApplicationServi - Initializing application scenes
11:45:47.173 [FXGL Background Thread 1 ] DEBUG GameWorld            - Game world initialized
11:45:47.227 [FXGL Background Thread 1 ] DEBUG PhysicsWorld         - Physics world initialized: appHeight=600, physics.ppm=50.0
11:45:47.227 [FXGL Background Thread 1 ] DEBUG PhysicsWorld         - Using strategy: BRUTE_FORCE
11:45:47.232 [FXGL Background Thread 1 ] DEBUG GameScene            - Game scene initialized: 800x600
11:45:47.247 [FXGL Background Thread 1 ] DEBUG FXGL.DefaultMenu     - createMenuBodyGameMenu()
11:45:47.265 [FXGL Background Thread 1 ] DEBUG FXGL.DefaultMenu     - createOptionsMenu()
11:45:47.279 [FXGL Background Thread 1 ] DEBUG FXGLAssetLoaderServi - Loading from file system: jar:file:/home/furr/.m2/repository/com/github/almasb/fxgl/17.2/fxgl-17.2.jar!/fxglassets/textures/particles/smoke.png
11:45:47.402 [FXGL Background Thread 1 ] DEBUG FXGLAssetLoaderServi - Loading from file system: jar:file:/home/furr/.m2/repository/com/github/almasb/fxgl/17.2/fxgl-17.2.jar!/fxglassets/textures/particles/trace_horizontal.png
11:45:47.430 [FXGL Background Thread 1 ] DEBUG GameApplicationServi - Application scenes initialized
11:45:47.448 [FXGL Background Thread 1 ] DEBUG SystemBundleService  - Loading FXGL system data
11:45:47.454 [FXGL Background Thread 1 ] DEBUG FileSystemAccess     - Reading from: /home/furr/Workshop/WorkshopJava/system/fxgl.bundle
11:45:47.465 [FXGL Background Thread 1 ] DEBUG SystemBundleService  - Bundle FXGL: {}
11:45:47.465 [FXGL Background Thread 1 ] DEBUG UpdaterService       - Checking for updates
11:45:47.471 [FXGL Background Thread 4 ] DEBUG FXGLApplication      - Loading fonts
11:45:47.471 [FXGL Background Thread 4 ] DEBUG FXGLAssetLoaderServi - Loading from file system: jar:file:/home/furr/.m2/repository/com/github/almasb/fxgl/17.2/fxgl-17.2.jar!/fxglassets/ui/fonts/VarelaRound-Regular.ttf
11:45:47.471 [FXGL Background Thread 1 ] DEBUG FXGLApplication      - Loading default localization
11:45:47.472 [FXGL Background Thread 1 ] DEBUG FXGLAssetLoaderServi - Loading from file system: jar:file:/home/furr/.m2/repository/com/github/almasb/fxgl/17.2/fxgl-17.2.jar!/fxglassets/languages/english.lang
11:45:47.482 [FXGL Background Thread 4 ] DEBUG FXGLAssetLoaderServi - Loading from file system: jar:file:/home/furr/.m2/repository/com/github/almasb/fxgl/17.2/fxgl-17.2.jar!/fxglassets/ui/fonts/Abel-Regular.ttf
11:45:47.484 [FXGL Background Thread 4 ] DEBUG FXGLAssetLoaderServi - Loading from file system: jar:file:/home/furr/.m2/repository/com/github/almasb/fxgl/17.2/fxgl-17.2.jar!/fxglassets/ui/fonts/TerminalLandMono-Regular.otf
11:45:47.486 [FXGL Background Thread 4 ] DEBUG FXGLAssetLoaderServi - Loading from file system: jar:file:/home/furr/.m2/repository/com/github/almasb/fxgl/17.2/fxgl-17.2.jar!/fxglassets/ui/fonts/Courier-Prime.ttf
11:45:47.490 [JavaFX Application Thread] DEBUG FXGLApplication      - Registering font factories with UI factory
11:45:47.492 [FXGL Background Thread 1 ] INFO  FXGLApplication      - FXGL initialization took: 0.497 sec
11:45:47.505 [JavaFX Application Thread] DEBUG Input                - Registered new binding: action0 - K
11:45:47.505 [JavaFX Application Thread] DEBUG Input                - Registered new binding: Up - Z
11:45:47.506 [JavaFX Application Thread] DEBUG Input                - Registered new binding: Down - S
11:45:47.506 [JavaFX Application Thread] DEBUG Input                - Registered new binding: Left - Q
11:45:47.506 [JavaFX Application Thread] DEBUG Input                - Registered new binding: Right - D
11:45:47.507 [JavaFX Application Thread] DEBUG FXGLAssetLoaderServi - Loading from file system: jar:file:/home/furr/.m2/repository/com/github/almasb/fxgl/17.2/fxgl-17.2.jar!/fxglassets/textures/fxgl_icon.png
11:45:47.547 [JavaFX Application Thread] DEBUG FXGLAssetLoaderServi - Loading from file system: jar:file:/home/furr/.m2/repository/com/github/almasb/fxgl/17.2/fxgl-17.2.jar!/fxglassets/textures/fxgl_default_cursor.png
11:45:47.549 [JavaFX Application Thread] DEBUG Input                - Registered new binding: Screenshot - CTRL+8
11:45:47.550 [JavaFX Application Thread] DEBUG Input                - Registered new binding: System info dump - CTRL+9
11:45:47.551 [JavaFX Application Thread] DEBUG Input                - Registered new binding: Restart - CTRL+R
11:45:47.552 [JavaFX Application Thread] DEBUG Input                - Registered new binding: Toggle Debug Camera - CTRL+7
11:45:47.554 [JavaFX Application Thread] DEBUG LoopRunner           - Starting loop
11:45:47.554 [JavaFX Application Thread] DEBUG LoopRunner           - Initializing JavaFX AnimationTimerLoop
11:45:47.555 [JavaFX Application Thread] DEBUG GameApplicationServi - Starting new game
11:45:47.556 [JavaFX Application Thread] DEBUG Input                - Clearing active input actions
11:45:47.573 [JavaFX Application Thread] DEBUG GameApplicationServi - Removing overlay from FXGLStartupScene and adding to FXGLLoadingScene
11:45:47.574 [JavaFX Application Thread] DEBUG PrimaryStageWindow   - FXGLStartupScene -> FXGLLoadingScene
11:45:47.574 [JavaFX Application Thread] DEBUG GameApplicationServi - Clearing previous game
11:45:47.574 [JavaFX Application Thread] DEBUG GameScene            - Clearing game scene
11:45:47.574 [JavaFX Application Thread] DEBUG GameWorld            - Clearing game world
11:45:47.575 [JavaFX Application Thread] DEBUG PhysicsWorld         - Clearing physics world
11:45:47.577 [FXGL Background Thread 1 ] DEBUG FXGLApplication      - Initializing game
11:45:47.772 [JavaFX Application Thread] DEBUG LoopRunner           - Stopping loop
11:45:47.774 [JavaFX Application Thread] FATAL FXGLApplication      - Uncaught Exception:
java.lang.RuntimeException: Initialization failed
	at com.almasb.fxgl.app.FXGLApplication$InitAppTask.failed(FXGLApplication.kt:343)
	at javafx.concurrent.Task.setState(Task.java:710)
	at javafx.concurrent.Task$TaskCallable.lambda$call$2(Task.java:1456)
	at com.sun.javafx.application.PlatformImpl.lambda$runLater$10(PlatformImpl.java:457)
	at java.base/java.security.AccessController.doPrivileged(AccessController.java:399)
	at com.sun.javafx.application.PlatformImpl.lambda$runLater$11(PlatformImpl.java:456)
	at com.sun.glass.ui.InvokeLaterDispatcher$Future.run(InvokeLaterDispatcher.java:96)
	at com.sun.glass.ui.gtk.GtkApplication._runLoop(Native Method)
	at com.sun.glass.ui.gtk.GtkApplication.lambda$runLoop$11(GtkApplication.java:316)
	at java.base/java.lang.Thread.run(Thread.java:833)
Caused by: java.lang.IllegalArgumentException: Invalid URL: Invalid URL or resource not found
	at javafx.scene.image.Image.validateUrl(Image.java:1135)
	at javafx.scene.image.Image.<init>(Image.java:625)
	at com.WorkshopJava.app.AnimationComponent.<init>(AnimationComponent.java:17)
	at com.WorkshopJava.app.App.initGame(App.java:111)
	at com.almasb.fxgl.app.FXGLApplication$InitAppTask.initGame(FXGLApplication.kt:339)
	at com.almasb.fxgl.app.FXGLApplication$InitAppTask.call(FXGLApplication.kt:319)
	at com.almasb.fxgl.app.FXGLApplication$InitAppTask.call(FXGLApplication.kt:311)
	at javafx.concurrent.Task$TaskCallable.call(Task.java:1426)
	at java.base/java.util.concurrent.FutureTask.run(FutureTask.java:264)
	at java.base/java.util.concurrent.Executors$RunnableAdapter.call(Executors.java:539)
	at java.base/java.util.concurrent.FutureTask.run(FutureTask.java:264)
	at java.base/java.util.concurrent.ThreadPoolExecutor.runWorker(ThreadPoolExecutor.java:1136)
	at java.base/java.util.concurrent.ThreadPoolExecutor$Worker.run(ThreadPoolExecutor.java:635)
	... 1 more
Caused by: java.lang.IllegalArgumentException: Invalid URL or resource not found
	at javafx.scene.image.Image.validateUrl(Image.java:1120)
	... 13 more

11:45:47.775 [JavaFX Application Thread] FATAL FXGLApplication      - Application will now exit
11:45:47.803 [JavaFX Application Thread] DEBUG PrimaryStageWindow   - Push state: ErrorSubScene
11:45:47.803 [JavaFX Application Thread] DEBUG Input                - Clearing active input actions
11:45:47.812 [JavaFX Application Thread] DEBUG GameApplicationServi - Removing overlay from FXGLLoadingScene and adding to ErrorSubScene
11:45:47.812 [JavaFX Application Thread] DEBUG PrimaryStageWindow   - FXGLLoadingScene -> ErrorSubScene
11:45:50.469 [FXGL Background Thread 3 ] DEBUG Engine               - Logging environment variables
11:45:50.470 [FXGL Background Thread 3 ] DEBUG Engine               - achievements: []
11:45:50.470 [FXGL Background Thread 3 ] DEBUG Engine               - actualHeight: 578.0
11:45:50.470 [FXGL Background Thread 3 ] DEBUG Engine               - actualHeightProperty: ReadOnlyDoubleProperty [value: 1038.0]
11:45:50.470 [FXGL Background Thread 3 ] DEBUG Engine               - actualWidth: 796.0
11:45:50.471 [FXGL Background Thread 3 ] DEBUG Engine               - actualWidthProperty: ReadOnlyDoubleProperty [value: 629.0]
11:45:50.471 [FXGL Background Thread 3 ] DEBUG Engine               - appIcon: fxgl_icon.png
11:45:50.471 [FXGL Background Thread 3 ] DEBUG Engine               - applicationMode: DEVELOPER
11:45:50.471 [FXGL Background Thread 3 ] DEBUG Engine               - cSSList: [fxgl_dark.css]
11:45:50.471 [FXGL Background Thread 3 ] DEBUG Engine               - collisionDetectionStrategy: BRUTE_FORCE
11:45:50.471 [FXGL Background Thread 3 ] DEBUG Engine               - configClass: Optional.empty
11:45:50.471 [FXGL Background Thread 3 ] DEBUG Engine               - credits: []
11:45:50.472 [FXGL Background Thread 3 ] DEBUG Engine               - defaultCursor: CursorInfo(imageName=fxgl_default_cursor.png, hotspotX=7.0, hotspotY=6.0)
11:45:50.472 [FXGL Background Thread 3 ] DEBUG Engine               - devBBoxColorProperty: ObjectProperty [value: 0xff0000ff]
11:45:50.472 [FXGL Background Thread 3 ] DEBUG Engine               - devEnableDebugCameraProperty: BooleanProperty [value: false]
11:45:50.472 [FXGL Background Thread 3 ] DEBUG Engine               - devSensorColorProperty: ObjectProperty [value: 0xffff00ff]
11:45:50.473 [FXGL Background Thread 3 ] DEBUG Engine               - devShowBBoxProperty: BooleanProperty [value: false]
11:45:50.473 [FXGL Background Thread 3 ] DEBUG Engine               - devShowPositionProperty: BooleanProperty [value: false]
11:45:50.473 [FXGL Background Thread 3 ] DEBUG Engine               - enabledMenuItems: []
11:45:50.473 [FXGL Background Thread 3 ] DEBUG Engine               - engineServices: [class com.almasb.fxgl.app.services.FXGLAssetLoaderService, class com.almasb.fxgl.app.FXGLApplication$GameApplicationService, class com.almasb.fxgl.app.services.FXGLDialogService, class com.almasb.fxgl.app.services.IOTaskExecutorService, class com.almasb.fxgl.io.FileSystemService, class com.almasb.fxgl.localization.LocalizationService, class com.almasb.fxgl.app.services.SystemBundleService, class com.almasb.fxgl.profile.SaveLoadService, class com.almasb.fxgl.ui.FXGLUIFactoryServiceProvider, class com.almasb.fxgl.ui.FXGLDialogFactoryServiceProvider, class com.almasb.fxgl.audio.AudioPlayer, class com.almasb.fxgl.notification.impl.NotificationServiceProvider, class com.almasb.fxgl.achievement.AchievementService, class com.almasb.fxgl.cutscene.CutsceneService, class com.almasb.fxgl.minigames.MiniGameService, class com.almasb.fxgl.net.NetService, class com.almasb.fxgl.app.services.UpdaterService, class com.almasb.fxgl.dev.DevService]
11:45:50.473 [FXGL Background Thread 3 ] DEBUG Engine               - fontGame: Abel-Regular.ttf
11:45:50.473 [FXGL Background Thread 3 ] DEBUG Engine               - fontMono: TerminalLandMono-Regular.otf
11:45:50.473 [FXGL Background Thread 3 ] DEBUG Engine               - fontText: Courier-Prime.ttf
11:45:50.473 [FXGL Background Thread 3 ] DEBUG Engine               - fontUI: VarelaRound-Regular.ttf
11:45:50.473 [FXGL Background Thread 3 ] DEBUG Engine               - fullScreen: BooleanProperty [value: false]
11:45:50.474 [FXGL Background Thread 3 ] DEBUG Engine               - gameDifficulty: MEDIUM
11:45:50.474 [FXGL Background Thread 3 ] DEBUG Engine               - gameDifficultyProperty: ObjectProperty [value: MEDIUM]
11:45:50.474 [FXGL Background Thread 3 ] DEBUG Engine               - globalMusicVolume: 0.5
11:45:50.474 [FXGL Background Thread 3 ] DEBUG Engine               - globalMusicVolumeProperty: DoubleProperty [value: 0.5]
11:45:50.474 [FXGL Background Thread 3 ] DEBUG Engine               - globalSoundVolume: 0.5
11:45:50.474 [FXGL Background Thread 3 ] DEBUG Engine               - globalSoundVolumeProperty: DoubleProperty [value: 0.5]
11:45:50.474 [FXGL Background Thread 3 ] DEBUG Engine               - height: 600
11:45:50.474 [FXGL Background Thread 3 ] DEBUG Engine               - is3D: false
11:45:50.475 [FXGL Background Thread 3 ] DEBUG Engine               - isAndroid: false
11:45:50.475 [FXGL Background Thread 3 ] DEBUG Engine               - isBrowser: false
11:45:50.475 [FXGL Background Thread 3 ] DEBUG Engine               - isClickFeedbackEnabled: false
11:45:50.475 [FXGL Background Thread 3 ] DEBUG Engine               - isCloseConfirmation: false
11:45:50.475 [FXGL Background Thread 3 ] DEBUG Engine               - isDesktop: true
11:45:50.475 [FXGL Background Thread 3 ] DEBUG Engine               - isDeveloperMenuEnabled: false
11:45:50.475 [FXGL Background Thread 3 ] DEBUG Engine               - isEmbedded: false
11:45:50.476 [FXGL Background Thread 3 ] DEBUG Engine               - isEntityPreloadEnabled: true
11:45:50.476 [FXGL Background Thread 3 ] DEBUG Engine               - isExperimentalTiledLargeMap: false
11:45:50.476 [FXGL Background Thread 3 ] DEBUG Engine               - isFileSystemWriteAllowed: true
11:45:50.476 [FXGL Background Thread 3 ] DEBUG Engine               - isFullScreenAllowed: false
11:45:50.476 [FXGL Background Thread 3 ] DEBUG Engine               - isFullScreenFromStart: false
11:45:50.476 [FXGL Background Thread 3 ] DEBUG Engine               - isGameMenuEnabled: true
11:45:50.477 [FXGL Background Thread 3 ] DEBUG Engine               - isIOS: false
11:45:50.477 [FXGL Background Thread 3 ] DEBUG Engine               - isIntroEnabled: false
11:45:50.477 [FXGL Background Thread 3 ] DEBUG Engine               - isLinux: true
11:45:50.477 [FXGL Background Thread 3 ] DEBUG Engine               - isMac: false
11:45:50.477 [FXGL Background Thread 3 ] DEBUG Engine               - isMainMenuEnabled: false
11:45:50.477 [FXGL Background Thread 3 ] DEBUG Engine               - isManualResizeEnabled: false
11:45:50.477 [FXGL Background Thread 3 ] DEBUG Engine               - isMobile: false
11:45:50.477 [FXGL Background Thread 3 ] DEBUG Engine               - isNative: false
11:45:50.478 [FXGL Background Thread 3 ] DEBUG Engine               - isPauseMusicWhenMinimized: true
11:45:50.478 [FXGL Background Thread 3 ] DEBUG Engine               - isPreserveResizeRatio: false
11:45:50.478 [FXGL Background Thread 3 ] DEBUG Engine               - isProfilingEnabled: false
11:45:50.478 [FXGL Background Thread 3 ] DEBUG Engine               - isScaleAffectedOnResize: true
11:45:50.478 [FXGL Background Thread 3 ] DEBUG Engine               - isSingleStep: false
11:45:50.478 [FXGL Background Thread 3 ] DEBUG Engine               - isUserProfileEnabled: false
11:45:50.478 [FXGL Background Thread 3 ] DEBUG Engine               - isWindows: false
11:45:50.479 [FXGL Background Thread 3 ] DEBUG Engine               - language: ObjectProperty [value: ENGLISH]
11:45:50.479 [FXGL Background Thread 3 ] DEBUG Engine               - menuKey: ESCAPE
11:45:50.479 [FXGL Background Thread 3 ] DEBUG Engine               - mouseSensitivity: 0.2
11:45:50.479 [FXGL Background Thread 3 ] DEBUG Engine               - notificationViewClass: class com.almasb.fxgl.notification.view.XboxNotificationView
11:45:50.479 [FXGL Background Thread 3 ] DEBUG Engine               - pixelsPerMeter: 50.0
11:45:50.479 [FXGL Background Thread 3 ] DEBUG Engine               - platform: LINUX
11:45:50.479 [FXGL Background Thread 3 ] DEBUG Engine               - prefHeightProperty: ReadOnlyDoubleProperty [value: 600.0]
11:45:50.479 [FXGL Background Thread 3 ] DEBUG Engine               - prefWidthProperty: ReadOnlyDoubleProperty [value: 800.0]
11:45:50.480 [FXGL Background Thread 3 ] DEBUG Engine               - profileDir: profiles/
11:45:50.480 [FXGL Background Thread 3 ] DEBUG Engine               - profileName: StringProperty [value: DEFAULT]
11:45:50.480 [FXGL Background Thread 3 ] DEBUG Engine               - randomSeed: -1
11:45:50.480 [FXGL Background Thread 3 ] DEBUG Engine               - runtimeInfo: RuntimeInfo(platform=LINUX, version=17.2, build=20.08.2022 16.50)
11:45:50.480 [FXGL Background Thread 3 ] DEBUG Engine               - saveFileExt: sav
11:45:50.480 [FXGL Background Thread 3 ] DEBUG Engine               - scaledHeightProp$fxgl: DoubleProperty [bound, value: 1038.0]
11:45:50.481 [FXGL Background Thread 3 ] DEBUG Engine               - scaledWidthProp$fxgl: DoubleProperty [bound, value: 629.0]
11:45:50.481 [FXGL Background Thread 3 ] DEBUG Engine               - sceneFactory: com.almasb.fxgl.app.scene.SceneFactory@354a6052
11:45:50.481 [FXGL Background Thread 3 ] DEBUG Engine               - secondsIn24h: 60
11:45:50.481 [FXGL Background Thread 3 ] DEBUG Engine               - soundMenuBack: menu/back.wav
11:45:50.481 [FXGL Background Thread 3 ] DEBUG Engine               - soundMenuPress: menu/press.wav
11:45:50.481 [FXGL Background Thread 3 ] DEBUG Engine               - soundMenuSelect: menu/select.wav
11:45:50.481 [FXGL Background Thread 3 ] DEBUG Engine               - soundNotification: core/notification.wav
11:45:50.481 [FXGL Background Thread 3 ] DEBUG Engine               - stageStyle: DECORATED
11:45:50.481 [FXGL Background Thread 3 ] DEBUG Engine               - supportedLanguages: [ENGLISH, FRENCH, GERMAN, HUNGARIAN, RUSSIAN]
11:45:50.482 [FXGL Background Thread 3 ] DEBUG Engine               - ticksPerSecond: -1
11:45:50.482 [FXGL Background Thread 3 ] DEBUG Engine               - title: Basalt
11:45:50.482 [FXGL Background Thread 3 ] DEBUG Engine               - urlGithub: https://github.com/AlmasB/FXGL
11:45:50.482 [FXGL Background Thread 3 ] DEBUG Engine               - urlLeaderboard: http://fxgl-top.herokuapp.com/
11:45:50.482 [FXGL Background Thread 3 ] DEBUG Engine               - urlPOM: https://raw.githubusercontent.com/AlmasB/FXGL/release/README.md
11:45:50.482 [FXGL Background Thread 3 ] DEBUG Engine               - userAppClass: class com.WorkshopJava.app.App
11:45:50.482 [FXGL Background Thread 3 ] DEBUG Engine               - version: 0.0
11:45:50.482 [FXGL Background Thread 3 ] DEBUG Engine               - versionCheckDays: 7
11:45:50.482 [FXGL Background Thread 3 ] DEBUG Engine               - width: 800
11:45:50.482 [FXGL Background Thread 3 ] DEBUG Engine               - Logging services
11:45:50.482 [FXGL Background Thread 3 ] DEBUG Engine               - class com.almasb.fxgl.app.services.FXGLAssetLoaderService
11:45:50.482 [FXGL Background Thread 3 ] DEBUG Engine               - class com.almasb.fxgl.app.FXGLApplication$GameApplicationService
11:45:50.483 [FXGL Background Thread 3 ] DEBUG Engine               - class com.almasb.fxgl.app.services.FXGLDialogService
11:45:50.483 [FXGL Background Thread 3 ] DEBUG Engine               - class com.almasb.fxgl.app.services.IOTaskExecutorService
11:45:50.483 [FXGL Background Thread 3 ] DEBUG Engine               - class com.almasb.fxgl.io.FileSystemService
11:45:50.483 [FXGL Background Thread 3 ] DEBUG Engine               - class com.almasb.fxgl.localization.LocalizationService
11:45:50.483 [FXGL Background Thread 3 ] DEBUG Engine               - class com.almasb.fxgl.app.services.SystemBundleService
11:45:50.483 [FXGL Background Thread 3 ] DEBUG Engine               - class com.almasb.fxgl.profile.SaveLoadService
11:45:50.483 [FXGL Background Thread 3 ] DEBUG Engine               - class com.almasb.fxgl.ui.FXGLUIFactoryServiceProvider
11:45:50.483 [FXGL Background Thread 3 ] DEBUG Engine               - class com.almasb.fxgl.ui.FXGLDialogFactoryServiceProvider
11:45:50.483 [FXGL Background Thread 3 ] DEBUG Engine               - class com.almasb.fxgl.audio.AudioPlayer
11:45:50.483 [FXGL Background Thread 3 ] DEBUG Engine               - class com.almasb.fxgl.notification.impl.NotificationServiceProvider
11:45:50.483 [FXGL Background Thread 3 ] DEBUG Engine               - class com.almasb.fxgl.achievement.AchievementService
11:45:50.483 [FXGL Background Thread 3 ] DEBUG Engine               - class com.almasb.fxgl.cutscene.CutsceneService
11:45:50.483 [FXGL Background Thread 3 ] DEBUG Engine               - class com.almasb.fxgl.minigames.MiniGameService
11:45:50.483 [FXGL Background Thread 3 ] DEBUG Engine               - class com.almasb.fxgl.net.NetService
11:45:50.484 [FXGL Background Thread 3 ] DEBUG Engine               - class com.almasb.fxgl.app.services.UpdaterService
11:45:50.484 [FXGL Background Thread 3 ] DEBUG Engine               - class com.almasb.fxgl.dev.DevService
11:45:53.698 [FXGL Background Thread 2 ] INFO  UpdaterService       - Your current version:  17.2
11:45:53.699 [FXGL Background Thread 2 ] INFO  UpdaterService       - Latest stable version: 17.3
11:46:09.312 [JavaFX Application Thread] DEBUG FXGLApplication      - Exiting FXGL
11:46:09.312 [JavaFX Application Thread] DEBUG Async                - Shutting down background threads
11:46:09.312 [JavaFX Application Thread] DEBUG PrimaryStageWindow   - Closing main window
11:46:09.341 [JavaFX Application Thread] DEBUG Logger               - Closing Logger
