11:53:15.458 [main                     ] DEBUG Logger               - Configured Logger
11:53:15.560 [main                     ] DEBUG GameApplication      - Logging settings
Title: Basalt
Version: 0.0
Width: 800
Height: 600
Fullscreen: false
Intro: false
Profiling: false
Single step:false
App Mode: DEVELOPER
Menu Key: ESCAPE
Stage Style: DECORATED
Scene Factory: class com.almasb.fxgl.app.scene.SceneFactory

11:53:16.710 [JavaFX Application Thread] DEBUG FXGLApplication      - Initializing FXGL
11:53:16.735 [JavaFX Application Thread] INFO  Engine               - FXGL-17.2 (20.08.2022 16.50) on LINUX (J:17.0.6 FX:18)
11:53:16.736 [JavaFX Application Thread] DEBUG Engine               - JRE Vendor Name: Red Hat, Inc.
11:53:16.738 [JavaFX Application Thread] DEBUG Engine               - Running on OS: Linux version 6.2.12-200.fc37.x86_64
11:53:16.739 [JavaFX Application Thread] DEBUG Engine               - Architecture: amd64
11:53:16.740 [JavaFX Application Thread] INFO  Engine               - Source code and latest versions at: https://github.com/AlmasB/FXGL
11:53:16.740 [JavaFX Application Thread] INFO  Engine               -       Ask questions and discuss at: https://github.com/AlmasB/FXGL/discussions
11:53:16.741 [JavaFX Application Thread] INFO  Engine               -              Join the FXGL chat at: https://gitter.im/AlmasB/FXGL
11:53:17.104 [JavaFX Application Thread] DEBUG PrimaryStageWindow   - Creating a JavaFX scene
11:53:17.348 [JavaFX Application Thread] DEBUG PrimaryStageWindow   - Target settings size: 800.0 x 600.0
11:53:17.349 [JavaFX Application Thread] DEBUG PrimaryStageWindow   - Scaled scene size:    800.0 x 600.0
11:53:17.350 [JavaFX Application Thread] DEBUG PrimaryStageWindow   - Scaled ratio: (1.0, 1.0)
11:53:17.353 [JavaFX Application Thread] DEBUG PrimaryStageWindow   - Set initial scene to FXGLStartupScene
11:53:17.376 [JavaFX Application Thread] DEBUG PrimaryStageWindow   - Opening main window
11:53:17.609 [JavaFX Application Thread] DEBUG PrimaryStageWindow   - Window border size: (4.0, 22.0)
11:53:17.610 [JavaFX Application Thread] DEBUG PrimaryStageWindow   - Scaled size: 800.0 x 600.0
11:53:17.611 [JavaFX Application Thread] DEBUG PrimaryStageWindow   - Scaled ratio: (1.0, 1.0)
11:53:17.612 [JavaFX Application Thread] DEBUG PrimaryStageWindow   - Scene size: 800.0 x 600.0
11:53:17.613 [JavaFX Application Thread] DEBUG PrimaryStageWindow   - Stage size: 804.0 x 622.0
11:53:17.633 [FXGL Background Thread 1 ] DEBUG Engine               - Initializing environment variables
11:53:17.738 [FXGL Background Thread 1 ] DEBUG FXGLAssetLoaderServi - User app class for loading assets: class com.WorkshopJava.app.App
11:53:17.739 [FXGL Background Thread 1 ] DEBUG GameApplicationServi - Applying CSS: fxgl_dark.css
11:53:17.742 [FXGL Background Thread 1 ] DEBUG FXGLAssetLoaderServi - Loading from file system: jar:file:/home/furr/.m2/repository/com/github/almasb/fxgl/17.2/fxgl-17.2.jar!/fxglassets/ui/css/fxgl_dark.css
11:53:17.898 [FXGL Background Thread 1 ] DEBUG GameApplicationServi - Initializing application scenes
11:53:18.021 [FXGL Background Thread 1 ] DEBUG GameWorld            - Game world initialized
11:53:18.221 [FXGL Background Thread 1 ] DEBUG PhysicsWorld         - Physics world initialized: appHeight=600, physics.ppm=50.0
11:53:18.222 [FXGL Background Thread 1 ] DEBUG PhysicsWorld         - Using strategy: BRUTE_FORCE
11:53:18.237 [FXGL Background Thread 1 ] DEBUG GameScene            - Game scene initialized: 800x600
11:53:18.278 [FXGL Background Thread 1 ] DEBUG FXGL.DefaultMenu     - createMenuBodyGameMenu()
11:53:18.335 [FXGL Background Thread 1 ] DEBUG FXGL.DefaultMenu     - createOptionsMenu()
11:53:18.390 [FXGL Background Thread 1 ] DEBUG FXGLAssetLoaderServi - Loading from file system: jar:file:/home/furr/.m2/repository/com/github/almasb/fxgl/17.2/fxgl-17.2.jar!/fxglassets/textures/particles/smoke.png
11:53:18.835 [FXGL Background Thread 1 ] DEBUG FXGLAssetLoaderServi - Loading from file system: jar:file:/home/furr/.m2/repository/com/github/almasb/fxgl/17.2/fxgl-17.2.jar!/fxglassets/textures/particles/trace_horizontal.png
11:53:18.967 [FXGL Background Thread 1 ] DEBUG GameApplicationServi - Application scenes initialized
11:53:19.021 [FXGL Background Thread 1 ] DEBUG SystemBundleService  - Loading FXGL system data
11:53:19.037 [FXGL Background Thread 1 ] DEBUG FileSystemAccess     - Reading from: /home/furr/Workshop/WorkshopJava/system/fxgl.bundle
11:53:19.061 [FXGL Background Thread 1 ] DEBUG SystemBundleService  - Bundle FXGL: {}
11:53:19.062 [FXGL Background Thread 1 ] DEBUG UpdaterService       - Checking for updates
11:53:19.074 [FXGL Background Thread 4 ] DEBUG FXGLApplication      - Loading fonts
11:53:19.075 [FXGL Background Thread 1 ] DEBUG FXGLApplication      - Loading default localization
11:53:19.076 [FXGL Background Thread 4 ] DEBUG FXGLAssetLoaderServi - Loading from file system: jar:file:/home/furr/.m2/repository/com/github/almasb/fxgl/17.2/fxgl-17.2.jar!/fxglassets/ui/fonts/VarelaRound-Regular.ttf
11:53:19.077 [FXGL Background Thread 1 ] DEBUG FXGLAssetLoaderServi - Loading from file system: jar:file:/home/furr/.m2/repository/com/github/almasb/fxgl/17.2/fxgl-17.2.jar!/fxglassets/languages/english.lang
11:53:19.102 [FXGL Background Thread 4 ] DEBUG FXGLAssetLoaderServi - Loading from file system: jar:file:/home/furr/.m2/repository/com/github/almasb/fxgl/17.2/fxgl-17.2.jar!/fxglassets/ui/fonts/Abel-Regular.ttf
11:53:19.108 [FXGL Background Thread 4 ] DEBUG FXGLAssetLoaderServi - Loading from file system: jar:file:/home/furr/.m2/repository/com/github/almasb/fxgl/17.2/fxgl-17.2.jar!/fxglassets/ui/fonts/TerminalLandMono-Regular.otf
11:53:19.116 [FXGL Background Thread 4 ] DEBUG FXGLAssetLoaderServi - Loading from file system: jar:file:/home/furr/.m2/repository/com/github/almasb/fxgl/17.2/fxgl-17.2.jar!/fxglassets/ui/fonts/Courier-Prime.ttf
11:53:19.129 [JavaFX Application Thread] DEBUG FXGLApplication      - Registering font factories with UI factory
11:53:19.131 [FXGL Background Thread 1 ] INFO  FXGLApplication      - FXGL initialization took: 1.498 sec
11:53:19.175 [JavaFX Application Thread] DEBUG Input                - Registered new binding: action0 - K
11:53:19.176 [JavaFX Application Thread] DEBUG Input                - Registered new binding: Up - Z
11:53:19.177 [JavaFX Application Thread] DEBUG Input                - Registered new binding: Down - S
11:53:19.177 [JavaFX Application Thread] DEBUG Input                - Registered new binding: Left - Q
11:53:19.178 [JavaFX Application Thread] DEBUG Input                - Registered new binding: Right - D
11:53:19.180 [JavaFX Application Thread] DEBUG FXGLAssetLoaderServi - Loading from file system: jar:file:/home/furr/.m2/repository/com/github/almasb/fxgl/17.2/fxgl-17.2.jar!/fxglassets/textures/fxgl_icon.png
11:53:19.323 [JavaFX Application Thread] DEBUG FXGLAssetLoaderServi - Loading from file system: jar:file:/home/furr/.m2/repository/com/github/almasb/fxgl/17.2/fxgl-17.2.jar!/fxglassets/textures/fxgl_default_cursor.png
11:53:19.327 [JavaFX Application Thread] DEBUG Input                - Registered new binding: Screenshot - CTRL+8
11:53:19.329 [JavaFX Application Thread] DEBUG Input                - Registered new binding: System info dump - CTRL+9
11:53:19.330 [JavaFX Application Thread] DEBUG Input                - Registered new binding: Restart - CTRL+R
11:53:19.331 [JavaFX Application Thread] DEBUG Input                - Registered new binding: Toggle Debug Camera - CTRL+7
11:53:19.336 [JavaFX Application Thread] DEBUG LoopRunner           - Starting loop
11:53:19.337 [JavaFX Application Thread] DEBUG LoopRunner           - Initializing JavaFX AnimationTimerLoop
11:53:19.340 [JavaFX Application Thread] DEBUG GameApplicationServi - Starting new game
11:53:19.341 [JavaFX Application Thread] DEBUG Input                - Clearing active input actions
11:53:19.368 [JavaFX Application Thread] DEBUG GameApplicationServi - Removing overlay from FXGLStartupScene and adding to FXGLLoadingScene
11:53:19.370 [JavaFX Application Thread] DEBUG PrimaryStageWindow   - FXGLStartupScene -> FXGLLoadingScene
11:53:19.370 [JavaFX Application Thread] DEBUG GameApplicationServi - Clearing previous game
11:53:19.371 [JavaFX Application Thread] DEBUG GameScene            - Clearing game scene
11:53:19.371 [JavaFX Application Thread] DEBUG GameWorld            - Clearing game world
11:53:19.371 [JavaFX Application Thread] DEBUG PhysicsWorld         - Clearing physics world
11:53:19.375 [FXGL Background Thread 1 ] DEBUG FXGLApplication      - Initializing game
11:53:19.404 [FXGL Background Thread 1 ] DEBUG FXGLAssetLoaderServi - Loading from file system: file:/home/furr/Workshop/WorkshopJava/target/classes/assets/textures/hunter.png
11:53:19.462 [FXGL Background Thread 1 ] INFO  FXGLApplication      - Game initialization took: 0.087 sec
11:53:19.685 [JavaFX Application Thread] DEBUG Input                - Clearing active input actions
11:53:19.708 [JavaFX Application Thread] DEBUG GameApplicationServi - Removing overlay from FXGLLoadingScene and adding to GameScene
11:53:19.709 [JavaFX Application Thread] DEBUG PrimaryStageWindow   - FXGLLoadingScene -> GameScene
11:53:20.244 [FXGL Background Thread 2 ] INFO  UpdaterService       - Your current version:  17.2
11:53:20.245 [FXGL Background Thread 2 ] INFO  UpdaterService       - Latest stable version: 17.3
11:53:22.070 [FXGL Background Thread 3 ] DEBUG Engine               - Logging environment variables
11:53:22.072 [FXGL Background Thread 3 ] DEBUG Engine               - achievements: []
11:53:22.072 [FXGL Background Thread 3 ] DEBUG Engine               - actualHeight: 578.0
11:53:22.073 [FXGL Background Thread 3 ] DEBUG Engine               - actualHeightProperty: ReadOnlyDoubleProperty [value: 1038.0]
11:53:22.073 [FXGL Background Thread 3 ] DEBUG Engine               - actualWidth: 796.0
11:53:22.073 [FXGL Background Thread 3 ] DEBUG Engine               - actualWidthProperty: ReadOnlyDoubleProperty [value: 629.0]
11:53:22.074 [FXGL Background Thread 3 ] DEBUG Engine               - appIcon: fxgl_icon.png
11:53:22.074 [FXGL Background Thread 3 ] DEBUG Engine               - applicationMode: DEVELOPER
11:53:22.074 [FXGL Background Thread 3 ] DEBUG Engine               - cSSList: [fxgl_dark.css]
11:53:22.074 [FXGL Background Thread 3 ] DEBUG Engine               - collisionDetectionStrategy: BRUTE_FORCE
11:53:22.075 [FXGL Background Thread 3 ] DEBUG Engine               - configClass: Optional.empty
11:53:22.075 [FXGL Background Thread 3 ] DEBUG Engine               - credits: []
11:53:22.076 [FXGL Background Thread 3 ] DEBUG Engine               - defaultCursor: CursorInfo(imageName=fxgl_default_cursor.png, hotspotX=7.0, hotspotY=6.0)
11:53:22.077 [FXGL Background Thread 3 ] DEBUG Engine               - devBBoxColorProperty: ObjectProperty [value: 0xff0000ff]
11:53:22.077 [FXGL Background Thread 3 ] DEBUG Engine               - devEnableDebugCameraProperty: BooleanProperty [value: false]
11:53:22.077 [FXGL Background Thread 3 ] DEBUG Engine               - devSensorColorProperty: ObjectProperty [value: 0xffff00ff]
11:53:22.078 [FXGL Background Thread 3 ] DEBUG Engine               - devShowBBoxProperty: BooleanProperty [value: false]
11:53:22.078 [FXGL Background Thread 3 ] DEBUG Engine               - devShowPositionProperty: BooleanProperty [value: false]
11:53:22.078 [FXGL Background Thread 3 ] DEBUG Engine               - enabledMenuItems: []
11:53:22.078 [FXGL Background Thread 3 ] DEBUG Engine               - engineServices: [class com.almasb.fxgl.app.services.FXGLAssetLoaderService, class com.almasb.fxgl.app.FXGLApplication$GameApplicationService, class com.almasb.fxgl.app.services.FXGLDialogService, class com.almasb.fxgl.app.services.IOTaskExecutorService, class com.almasb.fxgl.io.FileSystemService, class com.almasb.fxgl.localization.LocalizationService, class com.almasb.fxgl.app.services.SystemBundleService, class com.almasb.fxgl.profile.SaveLoadService, class com.almasb.fxgl.ui.FXGLUIFactoryServiceProvider, class com.almasb.fxgl.ui.FXGLDialogFactoryServiceProvider, class com.almasb.fxgl.audio.AudioPlayer, class com.almasb.fxgl.notification.impl.NotificationServiceProvider, class com.almasb.fxgl.achievement.AchievementService, class com.almasb.fxgl.cutscene.CutsceneService, class com.almasb.fxgl.minigames.MiniGameService, class com.almasb.fxgl.net.NetService, class com.almasb.fxgl.app.services.UpdaterService, class com.almasb.fxgl.dev.DevService]
11:53:22.079 [FXGL Background Thread 3 ] DEBUG Engine               - fontGame: Abel-Regular.ttf
11:53:22.079 [FXGL Background Thread 3 ] DEBUG Engine               - fontMono: TerminalLandMono-Regular.otf
11:53:22.079 [FXGL Background Thread 3 ] DEBUG Engine               - fontText: Courier-Prime.ttf
11:53:22.079 [FXGL Background Thread 3 ] DEBUG Engine               - fontUI: VarelaRound-Regular.ttf
11:53:22.080 [FXGL Background Thread 3 ] DEBUG Engine               - fullScreen: BooleanProperty [value: false]
11:53:22.080 [FXGL Background Thread 3 ] DEBUG Engine               - gameDifficulty: MEDIUM
11:53:22.080 [FXGL Background Thread 3 ] DEBUG Engine               - gameDifficultyProperty: ObjectProperty [value: MEDIUM]
11:53:22.081 [FXGL Background Thread 3 ] DEBUG Engine               - globalMusicVolume: 0.5
11:53:22.081 [FXGL Background Thread 3 ] DEBUG Engine               - globalMusicVolumeProperty: DoubleProperty [value: 0.5]
11:53:22.081 [FXGL Background Thread 3 ] DEBUG Engine               - globalSoundVolume: 0.5
11:53:22.082 [FXGL Background Thread 3 ] DEBUG Engine               - globalSoundVolumeProperty: DoubleProperty [value: 0.5]
11:53:22.082 [FXGL Background Thread 3 ] DEBUG Engine               - height: 600
11:53:22.082 [FXGL Background Thread 3 ] DEBUG Engine               - is3D: false
11:53:22.082 [FXGL Background Thread 3 ] DEBUG Engine               - isAndroid: false
11:53:22.083 [FXGL Background Thread 3 ] DEBUG Engine               - isBrowser: false
11:53:22.083 [FXGL Background Thread 3 ] DEBUG Engine               - isClickFeedbackEnabled: false
11:53:22.083 [FXGL Background Thread 3 ] DEBUG Engine               - isCloseConfirmation: false
11:53:22.083 [FXGL Background Thread 3 ] DEBUG Engine               - isDesktop: true
11:53:22.084 [FXGL Background Thread 3 ] DEBUG Engine               - isDeveloperMenuEnabled: false
11:53:22.084 [FXGL Background Thread 3 ] DEBUG Engine               - isEmbedded: false
11:53:22.084 [FXGL Background Thread 3 ] DEBUG Engine               - isEntityPreloadEnabled: true
11:53:22.084 [FXGL Background Thread 3 ] DEBUG Engine               - isExperimentalTiledLargeMap: false
11:53:22.085 [FXGL Background Thread 3 ] DEBUG Engine               - isFileSystemWriteAllowed: true
11:53:22.085 [FXGL Background Thread 3 ] DEBUG Engine               - isFullScreenAllowed: false
11:53:22.085 [FXGL Background Thread 3 ] DEBUG Engine               - isFullScreenFromStart: false
11:53:22.085 [FXGL Background Thread 3 ] DEBUG Engine               - isGameMenuEnabled: true
11:53:22.086 [FXGL Background Thread 3 ] DEBUG Engine               - isIOS: false
11:53:22.086 [FXGL Background Thread 3 ] DEBUG Engine               - isIntroEnabled: false
11:53:22.086 [FXGL Background Thread 3 ] DEBUG Engine               - isLinux: true
11:53:22.086 [FXGL Background Thread 3 ] DEBUG Engine               - isMac: false
11:53:22.087 [FXGL Background Thread 3 ] DEBUG Engine               - isMainMenuEnabled: false
11:53:22.087 [FXGL Background Thread 3 ] DEBUG Engine               - isManualResizeEnabled: false
11:53:22.087 [FXGL Background Thread 3 ] DEBUG Engine               - isMobile: false
11:53:22.087 [FXGL Background Thread 3 ] DEBUG Engine               - isNative: false
11:53:22.088 [FXGL Background Thread 3 ] DEBUG Engine               - isPauseMusicWhenMinimized: true
11:53:22.088 [FXGL Background Thread 3 ] DEBUG Engine               - isPreserveResizeRatio: false
11:53:22.088 [FXGL Background Thread 3 ] DEBUG Engine               - isProfilingEnabled: false
11:53:22.088 [FXGL Background Thread 3 ] DEBUG Engine               - isScaleAffectedOnResize: true
11:53:22.089 [FXGL Background Thread 3 ] DEBUG Engine               - isSingleStep: false
11:53:22.089 [FXGL Background Thread 3 ] DEBUG Engine               - isUserProfileEnabled: false
11:53:22.089 [FXGL Background Thread 3 ] DEBUG Engine               - isWindows: false
11:53:22.089 [FXGL Background Thread 3 ] DEBUG Engine               - language: ObjectProperty [value: ENGLISH]
11:53:22.089 [FXGL Background Thread 3 ] DEBUG Engine               - menuKey: ESCAPE
11:53:22.090 [FXGL Background Thread 3 ] DEBUG Engine               - mouseSensitivity: 0.2
11:53:22.090 [FXGL Background Thread 3 ] DEBUG Engine               - notificationViewClass: class com.almasb.fxgl.notification.view.XboxNotificationView
11:53:22.090 [FXGL Background Thread 3 ] DEBUG Engine               - pixelsPerMeter: 50.0
11:53:22.090 [FXGL Background Thread 3 ] DEBUG Engine               - platform: LINUX
11:53:22.091 [FXGL Background Thread 3 ] DEBUG Engine               - prefHeightProperty: ReadOnlyDoubleProperty [value: 600.0]
11:53:22.091 [FXGL Background Thread 3 ] DEBUG Engine               - prefWidthProperty: ReadOnlyDoubleProperty [value: 800.0]
11:53:22.091 [FXGL Background Thread 3 ] DEBUG Engine               - profileDir: profiles/
11:53:22.091 [FXGL Background Thread 3 ] DEBUG Engine               - profileName: StringProperty [value: DEFAULT]
11:53:22.092 [FXGL Background Thread 3 ] DEBUG Engine               - randomSeed: -1
11:53:22.092 [FXGL Background Thread 3 ] DEBUG Engine               - runtimeInfo: RuntimeInfo(platform=LINUX, version=17.2, build=20.08.2022 16.50)
11:53:22.093 [FXGL Background Thread 3 ] DEBUG Engine               - saveFileExt: sav
11:53:22.093 [FXGL Background Thread 3 ] DEBUG Engine               - scaledHeightProp$fxgl: DoubleProperty [bound, value: 1038.0]
11:53:22.093 [FXGL Background Thread 3 ] DEBUG Engine               - scaledWidthProp$fxgl: DoubleProperty [bound, value: 629.0]
11:53:22.094 [FXGL Background Thread 3 ] DEBUG Engine               - sceneFactory: com.almasb.fxgl.app.scene.SceneFactory@57aa1c01
11:53:22.094 [FXGL Background Thread 3 ] DEBUG Engine               - secondsIn24h: 60
11:53:22.094 [FXGL Background Thread 3 ] DEBUG Engine               - soundMenuBack: menu/back.wav
11:53:22.094 [FXGL Background Thread 3 ] DEBUG Engine               - soundMenuPress: menu/press.wav
11:53:22.094 [FXGL Background Thread 3 ] DEBUG Engine               - soundMenuSelect: menu/select.wav
11:53:22.094 [FXGL Background Thread 3 ] DEBUG Engine               - soundNotification: core/notification.wav
11:53:22.095 [FXGL Background Thread 3 ] DEBUG Engine               - stageStyle: DECORATED
11:53:22.095 [FXGL Background Thread 3 ] DEBUG Engine               - supportedLanguages: [ENGLISH, FRENCH, GERMAN, HUNGARIAN, RUSSIAN]
11:53:22.095 [FXGL Background Thread 3 ] DEBUG Engine               - ticksPerSecond: -1
11:53:22.095 [FXGL Background Thread 3 ] DEBUG Engine               - title: Basalt
11:53:22.095 [FXGL Background Thread 3 ] DEBUG Engine               - urlGithub: https://github.com/AlmasB/FXGL
11:53:22.096 [FXGL Background Thread 3 ] DEBUG Engine               - urlLeaderboard: http://fxgl-top.herokuapp.com/
11:53:22.096 [FXGL Background Thread 3 ] DEBUG Engine               - urlPOM: https://raw.githubusercontent.com/AlmasB/FXGL/release/README.md
11:53:22.096 [FXGL Background Thread 3 ] DEBUG Engine               - userAppClass: class com.WorkshopJava.app.App
11:53:22.096 [FXGL Background Thread 3 ] DEBUG Engine               - version: 0.0
11:53:22.096 [FXGL Background Thread 3 ] DEBUG Engine               - versionCheckDays: 7
11:53:22.097 [FXGL Background Thread 3 ] DEBUG Engine               - width: 800
11:53:22.097 [FXGL Background Thread 3 ] DEBUG Engine               - Logging services
11:53:22.097 [FXGL Background Thread 3 ] DEBUG Engine               - class com.almasb.fxgl.app.services.FXGLAssetLoaderService
11:53:22.097 [FXGL Background Thread 3 ] DEBUG Engine               - class com.almasb.fxgl.app.FXGLApplication$GameApplicationService
11:53:22.097 [FXGL Background Thread 3 ] DEBUG Engine               - class com.almasb.fxgl.app.services.FXGLDialogService
11:53:22.097 [FXGL Background Thread 3 ] DEBUG Engine               - class com.almasb.fxgl.app.services.IOTaskExecutorService
11:53:22.098 [FXGL Background Thread 3 ] DEBUG Engine               - class com.almasb.fxgl.io.FileSystemService
11:53:22.098 [FXGL Background Thread 3 ] DEBUG Engine               - class com.almasb.fxgl.localization.LocalizationService
11:53:22.098 [FXGL Background Thread 3 ] DEBUG Engine               - class com.almasb.fxgl.app.services.SystemBundleService
11:53:22.098 [FXGL Background Thread 3 ] DEBUG Engine               - class com.almasb.fxgl.profile.SaveLoadService
11:53:22.098 [FXGL Background Thread 3 ] DEBUG Engine               - class com.almasb.fxgl.ui.FXGLUIFactoryServiceProvider
11:53:22.098 [FXGL Background Thread 3 ] DEBUG Engine               - class com.almasb.fxgl.ui.FXGLDialogFactoryServiceProvider
11:53:22.099 [FXGL Background Thread 3 ] DEBUG Engine               - class com.almasb.fxgl.audio.AudioPlayer
11:53:22.099 [FXGL Background Thread 3 ] DEBUG Engine               - class com.almasb.fxgl.notification.impl.NotificationServiceProvider
11:53:22.099 [FXGL Background Thread 3 ] DEBUG Engine               - class com.almasb.fxgl.achievement.AchievementService
11:53:22.099 [FXGL Background Thread 3 ] DEBUG Engine               - class com.almasb.fxgl.cutscene.CutsceneService
11:53:22.099 [FXGL Background Thread 3 ] DEBUG Engine               - class com.almasb.fxgl.minigames.MiniGameService
11:53:22.099 [FXGL Background Thread 3 ] DEBUG Engine               - class com.almasb.fxgl.net.NetService
11:53:22.099 [FXGL Background Thread 3 ] DEBUG Engine               - class com.almasb.fxgl.app.services.UpdaterService
11:53:22.100 [FXGL Background Thread 3 ] DEBUG Engine               - class com.almasb.fxgl.dev.DevService
11:53:42.323 [JavaFX Application Thread] DEBUG FXGLApplication      - Exiting FXGL
11:53:42.323 [JavaFX Application Thread] DEBUG LoopRunner           - Stopping loop
11:53:42.323 [JavaFX Application Thread] DEBUG SystemBundleService  - Saving FXGL system data
11:53:42.330 [JavaFX Application Thread] DEBUG FileSystemAccess     - Writing to: /home/furr/Workshop/WorkshopJava/system/fxgl.bundle
11:53:42.336 [JavaFX Application Thread] DEBUG Async                - Shutting down background threads
11:53:42.337 [JavaFX Application Thread] DEBUG PrimaryStageWindow   - Closing main window
11:53:42.345 [JavaFX Application Thread] DEBUG Logger               - Closing Logger
